app/build/intermediates/manifest_merge_blame_file/debug/processDebugMainManifest/manifest-merger-blame-debug-report.txt
1<?xml version="1.0" encoding="utf-8"?>
2<manifest xmlns:android="http://schemas.android.com/apk/res/android"
3    package="com.guardian.overlay"
4    android:versionCode="1"
5    android:versionName="1.0" >
6
7    <uses-sdk
8        android:minSdkVersion="26"
9        android:targetSdkVersion="34" />
10
11    <permission
11-->[androidx.core:core:1.13.1] AndroidManifest.xml:22:5-24:47
12        android:name="com.guardian.overlay.DYNAMIC_RECEIVER_NOT_EXPORTED_PERMISSION"
12-->[androidx.core:core:1.13.1] AndroidManifest.xml:23:9-81
13        android:protectionLevel="signature" />
13-->[androidx.core:core:1.13.1] AndroidManifest.xml:24:9-44
14
15    <uses-permission android:name="com.guardian.overlay.DYNAMIC_RECEIVER_NOT_EXPORTED_PERMISSION" /> <!-- Although the *SdkVersion is captured in gradle build files, this is required for non gradle builds -->
15-->[androidx.core:core:1.13.1] AndroidManifest.xml:26:5-97
15-->[androidx.core:core:1.13.1] AndroidManifest.xml:26:22-94
16    <!-- <uses-sdk android:minSdkVersion="14"/> -->
17    <uses-permission android:name="android.permission.ACCESS_NETWORK_STATE" />
17-->[com.google.android.datatransport:transport-backend-cct:2.3.3] AndroidManifest.xml:25:5-79
17-->[com.google.android.datatransport:transport-backend-cct:2.3.3] AndroidManifest.xml:25:22-76
18    <uses-permission android:name="android.permission.INTERNET" />
18-->[com.google.android.datatransport:transport-backend-cct:2.3.3] AndroidManifest.xml:26:5-67
18-->[com.google.android.datatransport:transport-backend-cct:2.3.3] AndroidManifest.xml:26:22-64
19
20    <application
20-->src\main\AndroidManifest.xml:4:5-39:19
21        android:allowBackup="true"
21-->src\main\AndroidManifest.xml:5:9-35
22        android:appComponentFactory="androidx.core.app.CoreComponentFactory"
22-->[androidx.core:core:1.13.1] AndroidManifest.xml:28:18-86
23        android:debuggable="true"
24        android:extractNativeLibs="false"
25        android:icon="@android:drawable/ic_dialog_alert"
25-->src\main\AndroidManifest.xml:6:9-57
26        android:label="Guardian Overlay"
26-->src\main\AndroidManifest.xml:7:9-41
27        android:roundIcon="@android:drawable/ic_dialog_alert"
27-->src\main\AndroidManifest.xml:8:9-62
28        android:supportsRtl="true"
28-->src\main\AndroidManifest.xml:9:9-35
29        android:theme="@style/Theme.GuardianOverlay" >
29-->src\main\AndroidManifest.xml:10:9-53
30        <activity
30-->src\main\AndroidManifest.xml:12:9-19:20
31            android:name="com.guardian.overlay.MainActivity"
31-->src\main\AndroidManifest.xml:13:13-41
32            android:exported="true" >
32-->src\main\AndroidManifest.xml:14:13-36
33            <intent-filter>
33-->src\main\AndroidManifest.xml:15:13-18:29
34                <action android:name="android.intent.action.MAIN" />
34-->src\main\AndroidManifest.xml:16:17-69
34-->src\main\AndroidManifest.xml:16:25-66
35
36                <category android:name="android.intent.category.LAUNCHER" />
36-->src\main\AndroidManifest.xml:17:17-77
36-->src\main\AndroidManifest.xml:17:27-74
37            </intent-filter>
38        </activity>
39        <activity
39-->src\main\AndroidManifest.xml:21:9-23:40
40            android:name="com.guardian.overlay.HistoryActivity"
40-->src\main\AndroidManifest.xml:22:13-44
41            android:exported="false" />
41-->src\main\AndroidManifest.xml:23:13-37
42
43        <service
43-->src\main\AndroidManifest.xml:25:9-37:19
44            android:name="com.guardian.overlay.service.GuardianAccessibilityService"
44-->src\main\AndroidManifest.xml:26:13-65
45            android:exported="false"
45-->src\main\AndroidManifest.xml:27:13-37
46            android:label="Guardian Accessibility"
46-->src\main\AndroidManifest.xml:28:13-51
47            android:permission="android.permission.BIND_ACCESSIBILITY_SERVICE" >
47-->src\main\AndroidManifest.xml:29:13-79
48            <intent-filter>
48-->src\main\AndroidManifest.xml:30:13-32:29
49                <action android:name="android.accessibilityservice.AccessibilityService" />
49-->src\main\AndroidManifest.xml:31:17-92
49-->src\main\AndroidManifest.xml:31:25-89
50            </intent-filter>
51
52            <meta-data
52-->src\main\AndroidManifest.xml:34:13-36:72
53                android:name="android.accessibilityservice"
53-->src\main\AndroidManifest.xml:35:17-60
54                android:resource="@xml/accessibility_service_config" />
54-->src\main\AndroidManifest.xml:36:17-69
55        </service>
56        <service
56-->[com.google.android.gms:play-services-mlkit-text-recognition-common:19.1.0] AndroidManifest.xml:9:9-15:19
57            android:name="com.google.mlkit.common.internal.MlKitComponentDiscoveryService"
57-->[com.google.android.gms:play-services-mlkit-text-recognition-common:19.1.0] AndroidManifest.xml:10:13-91
58            android:directBootAware="true"
58-->[com.google.mlkit:common:18.11.0] AndroidManifest.xml:17:13-43
59            android:exported="false" >
59-->[com.google.android.gms:play-services-mlkit-text-recognition-common:19.1.0] AndroidManifest.xml:11:13-37
60            <meta-data
60-->[com.google.android.gms:play-services-mlkit-text-recognition-common:19.1.0] AndroidManifest.xml:12:13-14:85
61                android:name="com.google.firebase.components:com.google.mlkit.vision.text.internal.TextRegistrar"
61-->[com.google.android.gms:play-services-mlkit-text-recognition-common:19.1.0] AndroidManifest.xml:13:17-114
62                android:value="com.google.firebase.components.ComponentRegistrar" />
62-->[com.google.android.gms:play-services-mlkit-text-recognition-common:19.1.0] AndroidManifest.xml:14:17-82
63            <meta-data
63-->[com.google.mlkit:vision-common:17.3.0] AndroidManifest.xml:12:13-14:85
64                android:name="com.google.firebase.components:com.google.mlkit.vision.common.internal.VisionCommonRegistrar"
64-->[com.google.mlkit:vision-common:17.3.0] AndroidManifest.xml:13:17-124
65                android:value="com.google.firebase.components.ComponentRegistrar" />
65-->[com.google.mlkit:vision-common:17.3.0] AndroidManifest.xml:14:17-82
66            <meta-data
66-->[com.google.mlkit:common:18.11.0] AndroidManifest.xml:20:13-22:85
67                android:name="com.google.firebase.components:com.google.mlkit.common.internal.CommonComponentRegistrar"
67-->[com.google.mlkit:common:18.11.0] AndroidManifest.xml:21:17-120
68                android:value="com.google.firebase.components.ComponentRegistrar" />
68-->[com.google.mlkit:common:18.11.0] AndroidManifest.xml:22:17-82
69        </service>
70
71        <provider
71-->[com.google.mlkit:common:18.11.0] AndroidManifest.xml:9:9-13:38
72            android:name="com.google.mlkit.common.internal.MlKitInitProvider"
72-->[com.google.mlkit:common:18.11.0] AndroidManifest.xml:10:13-78
73            android:authorities="com.guardian.overlay.mlkitinitprovider"
73-->[com.google.mlkit:common:18.11.0] AndroidManifest.xml:11:13-69
74            android:exported="false"
74-->[com.google.mlkit:common:18.11.0] AndroidManifest.xml:12:13-37
75            android:initOrder="99" />
75-->[com.google.mlkit:common:18.11.0] AndroidManifest.xml:13:13-35
76        <provider
76-->[androidx.emoji2:emoji2:1.3.0] AndroidManifest.xml:24:9-32:20
77            android:name="androidx.startup.InitializationProvider"
77-->[androidx.emoji2:emoji2:1.3.0] AndroidManifest.xml:25:13-67
78            android:authorities="com.guardian.overlay.androidx-startup"
78-->[androidx.emoji2:emoji2:1.3.0] AndroidManifest.xml:26:13-68
79            android:exported="false" >
79-->[androidx.emoji2:emoji2:1.3.0] AndroidManifest.xml:27:13-37
80            <meta-data
80-->[androidx.emoji2:emoji2:1.3.0] AndroidManifest.xml:29:13-31:52
81                android:name="androidx.emoji2.text.EmojiCompatInitializer"
81-->[androidx.emoji2:emoji2:1.3.0] AndroidManifest.xml:30:17-75
82                android:value="androidx.startup" />
82-->[androidx.emoji2:emoji2:1.3.0] AndroidManifest.xml:31:17-49
83            <meta-data
83-->[androidx.lifecycle:lifecycle-process:2.8.2] AndroidManifest.xml:29:13-31:52
84                android:name="androidx.lifecycle.ProcessLifecycleInitializer"
84-->[androidx.lifecycle:lifecycle-process:2.8.2] AndroidManifest.xml:30:17-78
85                android:value="androidx.startup" />
85-->[androidx.lifecycle:lifecycle-process:2.8.2] AndroidManifest.xml:31:17-49
86            <meta-data
86-->[androidx.profileinstaller:profileinstaller:1.3.1] AndroidManifest.xml:29:13-31:52
87                android:name="androidx.profileinstaller.ProfileInstallerInitializer"
87-->[androidx.profileinstaller:profileinstaller:1.3.1] AndroidManifest.xml:30:17-85
88                android:value="androidx.startup" />
88-->[androidx.profileinstaller:profileinstaller:1.3.1] AndroidManifest.xml:31:17-49
89        </provider>
90
91        <activity
91-->[com.google.android.gms:play-services-base:18.5.0] AndroidManifest.xml:5:9-173
92            android:name="com.google.android.gms.common.api.GoogleApiActivity"
92-->[com.google.android.gms:play-services-base:18.5.0] AndroidManifest.xml:5:19-85
93            android:exported="false"
93-->[com.google.android.gms:play-services-base:18.5.0] AndroidManifest.xml:5:146-170
94            android:theme="@android:style/Theme.Translucent.NoTitleBar" />
94-->[com.google.android.gms:play-services-base:18.5.0] AndroidManifest.xml:5:86-145
95
96        <meta-data
96-->[com.google.android.gms:play-services-basement:18.4.0] AndroidManifest.xml:6:9-122
97            android:name="com.google.android.gms.version"
97-->[com.google.android.gms:play-services-basement:18.4.0] AndroidManifest.xml:6:20-65
98            android:value="@integer/google_play_services_version" />
98-->[com.google.android.gms:play-services-basement:18.4.0] AndroidManifest.xml:6:66-119
99
100        <receiver
100-->[androidx.profileinstaller:profileinstaller:1.3.1] AndroidManifest.xml:34:9-52:20
101            android:name="androidx.profileinstaller.ProfileInstallReceiver"
101-->[androidx.profileinstaller:profileinstaller:1.3.1] AndroidManifest.xml:35:13-76
102            android:directBootAware="false"
102-->[androidx.profileinstaller:profileinstaller:1.3.1] AndroidManifest.xml:36:13-44
103            android:enabled="true"
103-->[androidx.profileinstaller:profileinstaller:1.3.1] AndroidManifest.xml:37:13-35
104            android:exported="true"
104-->[androidx.profileinstaller:profileinstaller:1.3.1] AndroidManifest.xml:38:13-36
105            android:permission="android.permission.DUMP" >
105-->[androidx.profileinstaller:profileinstaller:1.3.1] AndroidManifest.xml:39:13-57
106            <intent-filter>
106-->[androidx.profileinstaller:profileinstaller:1.3.1] AndroidManifest.xml:40:13-42:29
107                <action android:name="androidx.profileinstaller.action.INSTALL_PROFILE" />
107-->[androidx.profileinstaller:profileinstaller:1.3.1] AndroidManifest.xml:41:17-91
107-->[androidx.profileinstaller:profileinstaller:1.3.1] AndroidManifest.xml:41:25-88
108            </intent-filter>
109            <intent-filter>
109-->[androidx.profileinstaller:profileinstaller:1.3.1] AndroidManifest.xml:43:13-45:29
110                <action android:name="androidx.profileinstaller.action.SKIP_FILE" />
110-->[androidx.profileinstaller:profileinstaller:1.3.1] AndroidManifest.xml:44:17-85
110-->[androidx.profileinstaller:profileinstaller:1.3.1] AndroidManifest.xml:44:25-82
111            </intent-filter>
112            <intent-filter>
112-->[androidx.profileinstaller:profileinstaller:1.3.1] AndroidManifest.xml:46:13-48:29
113                <action android:name="androidx.profileinstaller.action.SAVE_PROFILE" />
113-->[androidx.profileinstaller:profileinstaller:1.3.1] AndroidManifest.xml:47:17-88
113-->[androidx.profileinstaller:profileinstaller:1.3.1] AndroidManifest.xml:47:25-85
114            </intent-filter>
115            <intent-filter>
115-->[androidx.profileinstaller:profileinstaller:1.3.1] AndroidManifest.xml:49:13-51:29
116                <action android:name="androidx.profileinstaller.action.BENCHMARK_OPERATION" />
116-->[androidx.profileinstaller:profileinstaller:1.3.1] AndroidManifest.xml:50:17-95
116-->[androidx.profileinstaller:profileinstaller:1.3.1] AndroidManifest.xml:50:25-92
117            </intent-filter>
118        </receiver>
119
120        <service
120-->[com.google.android.datatransport:transport-backend-cct:2.3.3] AndroidManifest.xml:29:9-35:19
121            android:name="com.google.android.datatransport.runtime.backends.TransportBackendDiscovery"
121-->[com.google.android.datatransport:transport-backend-cct:2.3.3] AndroidManifest.xml:30:13-103
122            android:exported="false" >
122-->[com.google.android.datatransport:transport-backend-cct:2.3.3] AndroidManifest.xml:31:13-37
123            <meta-data
123-->[com.google.android.datatransport:transport-backend-cct:2.3.3] AndroidManifest.xml:32:13-34:39
124                android:name="backend:com.google.android.datatransport.cct.CctBackendFactory"
124-->[com.google.android.datatransport:transport-backend-cct:2.3.3] AndroidManifest.xml:33:17-94
125                android:value="cct" />
125-->[com.google.android.datatransport:transport-backend-cct:2.3.3] AndroidManifest.xml:34:17-36
126        </service>
127        <service
127-->[com.google.android.datatransport:transport-runtime:2.2.6] AndroidManifest.xml:26:9-30:19
128            android:name="com.google.android.datatransport.runtime.scheduling.jobscheduling.JobInfoSchedulerService"
128-->[com.google.android.datatransport:transport-runtime:2.2.6] AndroidManifest.xml:27:13-117
129            android:exported="false"
129-->[com.google.android.datatransport:transport-runtime:2.2.6] AndroidManifest.xml:28:13-37
130            android:permission="android.permission.BIND_JOB_SERVICE" >
130-->[com.google.android.datatransport:transport-runtime:2.2.6] AndroidManifest.xml:29:13-69
131        </service>
132
133        <receiver
133-->[com.google.android.datatransport:transport-runtime:2.2.6] AndroidManifest.xml:32:9-34:40
134            android:name="com.google.android.datatransport.runtime.scheduling.jobscheduling.AlarmManagerSchedulerBroadcastReceiver"
134-->[com.google.android.datatransport:transport-runtime:2.2.6] AndroidManifest.xml:33:13-132
135            android:exported="false" />
135-->[com.google.android.datatransport:transport-runtime:2.2.6] AndroidManifest.xml:34:13-37
136    </application>
137
138</manifest>